<?xml version="1.0" encoding="UTF-8"?>
<testng-results ignored="0" total="1" passed="1" failed="0" skipped="0">
  <reporter-output>
  </reporter-output>
  <suite started-at="2024-09-19T11:29:32 IST" name="Default suite" finished-at="2024-09-19T11:32:39 IST" duration-ms="186349">
    <groups>
    </groups>
    <test started-at="2024-09-19T11:29:32 IST" name="Default test" finished-at="2024-09-19T11:32:39 IST" duration-ms="186349">
      <class name="Entrata_Automation.SeleniumAutomation_Entrata">
        <test-method is-config="true" signature="setup()[pri:0, instance:Entrata_Automation.SeleniumAutomation_Entrata@60975100]" started-at="2024-09-19T11:29:32 IST" name="setup" finished-at="2024-09-19T11:31:20 IST" duration-ms="107941" status="PASS">
          <reporter-output>
          </reporter-output>
        </test-method> <!-- setup -->
        <test-method signature="automatSubMenu_Products()[pri:0, instance:Entrata_Automation.SeleniumAutomation_Entrata@60975100]" started-at="2024-09-19T11:31:20 IST" name="automatSubMenu_Products" finished-at="2024-09-19T11:32:35 IST" duration-ms="74597" status="PASS">
          <reporter-output>
          </reporter-output>
        </test-method> <!-- automatSubMenu_Products -->
        <test-method is-config="true" signature="tearDown()[pri:0, instance:Entrata_Automation.SeleniumAutomation_Entrata@60975100]" started-at="2024-09-19T11:32:35 IST" name="tearDown" finished-at="2024-09-19T11:32:39 IST" duration-ms="3480" status="PASS">
          <reporter-output>
          </reporter-output>
        </test-method> <!-- tearDown -->
      </class> <!-- Entrata_Automation.SeleniumAutomation_Entrata -->
    </test> <!-- Default test -->
  </suite> <!-- Default suite -->
</testng-results>
